<?xml version="1.0" encoding="UTF-8"?>
<!-- Generated by org.testng.reporters.JUnitReportReporter -->
<testsuite hostname="SandhyaPC" failures="0" tests="5" name="tests.CurrencyConvertorTest" time="56.089" errors="0" timestamp="2022-08-26T13:49:35 IST" skipped="0">
  <testcase classname="tests.CurrencyConvertorTest" name="convertFromEuroToPounds" time="10.334"/>
  <system-out/>
  <testcase classname="tests.CurrencyConvertorTest" name="convertFromEuroToPounds" time="12.815"/>
  <system-out/>
  <testcase classname="tests.CurrencyConvertorTest" name="convertFromEuroToPounds" time="10.948"/>
  <system-out/>
  <testcase classname="tests.CurrencyConvertorTest" name="convertFromEuroToPounds" time="10.961"/>
  <system-out/>
  <testcase classname="tests.CurrencyConvertorTest" name="convertFromEuroToPounds" time="11.031"/>
  <system-out/>
</testsuite> <!-- tests.CurrencyConvertorTest -->
