<?xml version="1.0" encoding="UTF-8"?>
<!-- Generated by org.testng.reporters.JUnitReportReporter -->
<testsuite hostname="SandhyaPC" failures="0" tests="5" name="tests.CurrencyConvertorTest" time="56.204" errors="0" timestamp="2022-08-26T14:26:47 IST" skipped="0">
  <testcase classname="tests.CurrencyConvertorTest" name="convertFromEuroToPounds" time="13.290"/>
  <system-out/>
  <testcase classname="tests.CurrencyConvertorTest" name="convertFromEuroToPounds" time="10.810"/>
  <system-out/>
  <testcase classname="tests.CurrencyConvertorTest" name="convertFromEuroToPounds" time="10.498"/>
  <system-out/>
  <testcase classname="tests.CurrencyConvertorTest" name="convertFromEuroToPounds" time="10.739"/>
  <system-out/>
  <testcase classname="tests.CurrencyConvertorTest" name="convertFromEuroToPounds" time="10.867"/>
  <system-out/>
</testsuite> <!-- tests.CurrencyConvertorTest -->
